\BOOKMARK [0][-]{chapter.1}{\376\377\000L\000e\000\040\000l\000o\000g\000i\000c\000i\000e\000l\000\040\000C\000o\000l\000l\000e\000c\000-\000S\000c\000i\000e\000n\000c\000e}{}% 1
\BOOKMARK [1][-]{section.1.1}{\376\377\000H\000i\000s\000t\000o\000r\000i\000q\000u\000e}{chapter.1}% 2
\BOOKMARK [1][-]{section.1.2}{\376\377\000F\000o\000n\000c\000t\000i\000o\000n\000n\000a\000l\000i\000t\000\351\000s\000\040\000g\000\351\000n\000\351\000r\000a\000l\000e\000s}{chapter.1}% 3
\BOOKMARK [1][-]{section.1.3}{\376\377\000T\000e\000c\000h\000n\000o\000l\000o\000g\000i\000e\000\040\000e\000m\000p\000l\000o\000y\000\351\000e}{chapter.1}% 4
\BOOKMARK [2][-]{subsection.1.3.1}{\376\377\000B\000a\000s\000e\000\040\000d\000e\000\040\000d\000o\000n\000n\000\351\000e\000s}{section.1.3}% 5
\BOOKMARK [2][-]{subsection.1.3.2}{\376\377\000L\000a\000n\000g\000a\000g\000e\000\040\000d\000e\000\040\000d\000\351\000v\000e\000l\000o\000p\000p\000e\000m\000e\000n\000t\000\040\000e\000t\000\040\000f\000r\000a\000m\000e\000w\000o\000r\000k\000\040\000u\000t\000i\000l\000i\000s\000\351}{section.1.3}% 6
\BOOKMARK [2][-]{subsection.1.3.3}{\376\377\000L\000i\000s\000t\000e\000\040\000d\000e\000s\000\040\000c\000o\000m\000p\000o\000s\000a\000n\000t\000s\000\040\000e\000x\000t\000e\000r\000n\000e\000s\000\040\000u\000t\000i\000l\000i\000s\000\351\000s}{section.1.3}% 7
\BOOKMARK [1][-]{section.1.4}{\376\377\000S\000\351\000c\000u\000r\000i\000t\000\351}{chapter.1}% 8
\BOOKMARK [1][-]{section.1.5}{\376\377\000L\000i\000c\000e\000n\000c\000e}{chapter.1}% 9
\BOOKMARK [1][-]{section.1.6}{\376\377\000C\000o\000p\000y\000r\000i\000g\000h\000t}{chapter.1}% 10
\BOOKMARK [0][-]{chapter.2}{\376\377\000I\000n\000s\000t\000a\000l\000l\000e\000r\000\040\000l\000e\000\040\000l\000o\000g\000i\000c\000i\000e\000l}{}% 11
\BOOKMARK [1][-]{section.2.1}{\376\377\000C\000o\000n\000s\000u\000l\000t\000e\000z\000\040\000l\000a\000\040\000d\000o\000c\000u\000m\000e\000n\000t\000a\000t\000i\000o\000n\000\040\000d\000u\000\040\000f\000r\000a\000m\000e\000w\000o\000r\000k\000\040\000!}{chapter.2}% 12
\BOOKMARK [1][-]{section.2.2}{\376\377\000I\000n\000s\000t\000a\000l\000l\000a\000t\000i\000o\000n\000\040\000a\000u\000t\000o\000m\000a\000t\000i\000q\000u\000e}{chapter.2}% 13
\BOOKMARK [2][-]{subsection.2.2.1}{\376\377\000M\000o\000d\000e\000\040\000o\000p\000\351\000r\000a\000t\000o\000i\000r\000e}{section.2.2}% 14
\BOOKMARK [1][-]{section.2.3}{\376\377\000I\000n\000s\000t\000a\000l\000l\000a\000t\000i\000o\000n\000\040\000m\000a\000n\000u\000e\000l\000l\000e}{chapter.2}% 15
\BOOKMARK [2][-]{subsection.2.3.1}{\376\377\000C\000o\000n\000f\000i\000g\000u\000r\000e\000r\000\040\000l\000e\000\040\000s\000e\000r\000v\000e\000u\000r}{section.2.3}% 16
\BOOKMARK [2][-]{subsection.2.3.2}{\376\377\000C\000o\000n\000f\000i\000g\000u\000r\000e\000r\000\040\000A\000p\000a\000c\000h\000e}{section.2.3}% 17
\BOOKMARK [2][-]{subsection.2.3.3}{\376\377\000M\000o\000d\000u\000l\000e\000s\000\040\000P\000H\000P\000\040\000n\000\351\000c\000e\000s\000s\000a\000i\000r\000e\000s}{section.2.3}% 18
\BOOKMARK [2][-]{subsection.2.3.4}{\376\377\000I\000n\000s\000t\000a\000l\000l\000e\000r\000\040\000e\000t\000\040\000c\000o\000n\000f\000i\000g\000u\000r\000e\000r\000\040\000p\000h\000p}{section.2.3}% 19
\BOOKMARK [2][-]{subsection.2.3.5}{\376\377\000C\000o\000n\000f\000i\000g\000u\000r\000e\000r\000\040\000l\000'\000h\000\364\000t\000e\000\040\000v\000i\000r\000t\000u\000e\000l\000\040\000e\000t\000\040\000S\000S\000L}{section.2.3}% 20
\BOOKMARK [2][-]{subsection.2.3.6}{\376\377\000C\000o\000n\000f\000i\000g\000u\000r\000e\000r\000\040\000A\000p\000a\000c\000h\000e\000\040\000p\000o\000u\000r\000\040\000l\000'\000i\000d\000e\000n\000t\000i\000f\000i\000c\000a\000t\000i\000o\000n\000\040\000\340\000\040\000p\000a\000r\000t\000i\000r\000\040\000d\000'\000u\000n\000e\000\040\000f\000\351\000d\000\351\000r\000a\000t\000i\000o\000n}{section.2.3}% 21
\BOOKMARK [2][-]{subsection.2.3.7}{\376\377\000C\000o\000m\000p\000r\000e\000n\000d\000r\000e\000\040\000l\000a\000\040\000d\000o\000u\000b\000l\000e\000\040\000i\000d\000e\000n\000t\000i\000f\000i\000c\000a\000t\000i\000o\000n}{section.2.3}% 22
\BOOKMARK [2][-]{subsection.2.3.8}{\376\377\000C\000o\000n\000f\000i\000g\000u\000r\000e\000r\000\040\000l\000e\000\040\000d\000o\000s\000s\000i\000e\000r\000\040\000d\000'\000i\000n\000s\000t\000a\000l\000l\000a\000t\000i\000o\000n}{section.2.3}% 23
\BOOKMARK [2][-]{subsection.2.3.9}{\376\377\000D\000r\000o\000i\000t\000s\000\040\000\340\000\040\000a\000t\000t\000r\000i\000b\000u\000e\000r\000\040\000a\000u\000\040\000s\000e\000r\000v\000e\000u\000r\000\040\000w\000e\000b}{section.2.3}% 24
\BOOKMARK [1][-]{section.2.4}{\376\377\000C\000o\000n\000f\000i\000g\000u\000r\000e\000r\000\040\000l\000'\000a\000p\000p\000l\000i\000c\000a\000t\000i\000o\000n}{chapter.2}% 25
\BOOKMARK [2][-]{subsection.2.4.1}{\376\377\000C\000o\000n\000n\000e\000x\000i\000o\000n\000\040\000\340\000\040\000l\000a\000\040\000b\000a\000s\000e\000\040\000d\000e\000\040\000d\000o\000n\000n\000\351\000e\000s}{section.2.4}% 26
\BOOKMARK [2][-]{subsection.2.4.2}{\376\377\000I\000d\000e\000n\000t\000i\000f\000i\000c\000a\000t\000i\000o\000n\000\040\000d\000e\000s\000\040\000u\000t\000i\000l\000i\000s\000a\000t\000e\000u\000r\000s}{section.2.4}% 27
\BOOKMARK [2][-]{subsection.2.4.3}{\376\377\000C\000o\000n\000f\000i\000g\000u\000r\000e\000r\000\040\000l\000'\000a\000c\000c\000\350\000s\000\040\000\340\000\040\000l\000'\000a\000n\000n\000u\000a\000i\000r\000e\000\040\000L\000D\000A\000P}{section.2.4}% 28
\BOOKMARK [2][-]{subsection.2.4.4}{\376\377\000P\000a\000r\000a\000m\000\350\000t\000r\000e\000s\000\040\000s\000p\000\351\000c\000i\000f\000i\000q\000u\000e\000s}{section.2.4}% 29
\BOOKMARK [2][-]{subsection.2.4.5}{\376\377\000P\000a\000r\000a\000m\000\350\000t\000r\000e\000s\000\040\000s\000t\000o\000c\000k\000\351\000s\000\040\000e\000n\000\040\000b\000a\000s\000e\000\040\000d\000e\000\040\000d\000o\000n\000n\000\351\000e\000s}{section.2.4}% 30
\BOOKMARK [1][-]{section.2.5}{\376\377\000C\000r\000\351\000e\000r\000\040\000l\000a\000\040\000b\000a\000s\000e\000\040\000d\000e\000\040\000d\000o\000n\000n\000\351\000e\000s}{chapter.2}% 31
\BOOKMARK [2][-]{subsection.2.5.1}{\376\377\000C\000r\000\351\000e\000r\000\040\000l\000a\000\040\000b\000a\000s\000e\000\040\000d\000e\000\040\000d\000o\000n\000n\000\351\000e\000s\000\040\000e\000t\000\040\000a\000j\000o\000u\000t\000e\000r\000\040\000l\000e\000s\000\040\000e\000x\000t\000e\000n\000s\000i\000o\000n\000s}{section.2.5}% 32
\BOOKMARK [2][-]{subsection.2.5.2}{\376\377\000C\000o\000m\000p\000t\000e\000\040\000p\000a\000r\000\040\000d\000\351\000f\000a\000u\000t}{section.2.5}% 33
\BOOKMARK [2][-]{subsection.2.5.3}{\376\377\000S\000c\000r\000i\000p\000t\000s\000\040\000d\000e\000\040\000m\000o\000d\000i\000f\000i\000c\000a\000t\000i\000o\000n}{section.2.5}% 34
\BOOKMARK [1][-]{section.2.6}{\376\377\000M\000i\000s\000e\000\040\000e\000n\000\040\000p\000r\000o\000d\000u\000c\000t\000i\000o\000n}{chapter.2}% 35
\BOOKMARK [1][-]{section.2.7}{\376\377\000I\000n\000s\000t\000a\000l\000l\000e\000r\000\040\000u\000n\000e\000\040\000n\000o\000u\000v\000e\000l\000l\000e\000\040\000v\000e\000r\000s\000i\000o\000n}{chapter.2}% 36
\BOOKMARK [2][-]{subsection.2.7.1}{\376\377\000F\000a\000i\000t\000e\000s\000\040\000u\000n\000e\000\040\000s\000a\000u\000v\000e\000g\000a\000r\000d\000e\000\040\000d\000e\000\040\000l\000a\000\040\000b\000a\000s\000e\000\040\000d\000e\000\040\000d\000o\000n\000n\000\351\000e\000s}{section.2.7}% 37
\BOOKMARK [2][-]{subsection.2.7.2}{\376\377\000S\000a\000u\000v\000e\000g\000a\000r\000d\000e\000r\000\040\000l\000e\000\040\000f\000i\000c\000h\000i\000e\000r\000\040\000c\000o\000n\000t\000e\000n\000a\000n\000t\000\040\000l\000e\000s\000\040\000p\000a\000r\000a\000m\000\350\000t\000r\000e\000s\000\040\000d\000e\000\040\000l\000'\000a\000p\000p\000l\000i\000c\000a\000t\000i\000o\000n}{section.2.7}% 38
\BOOKMARK [2][-]{subsection.2.7.3}{\376\377\000C\000o\000n\000s\000u\000l\000t\000e\000z\000\040\000l\000e\000\040\000f\000i\000c\000h\000i\000e\000r\000\040\000n\000e\000w\000s\000.\000t\000x\000t}{section.2.7}% 39
\BOOKMARK [2][-]{subsection.2.7.4}{\376\377\000M\000i\000s\000e\000\040\000\340\000\040\000j\000o\000u\000r\000\040\000d\000e\000\040\000l\000a\000\040\000s\000t\000r\000u\000c\000t\000u\000r\000e\000\040\000d\000e\000\040\000l\000a\000\040\000b\000a\000s\000e\000\040\000d\000e\000\040\000d\000o\000n\000n\000\351\000e\000s}{section.2.7}% 40
\BOOKMARK [2][-]{subsection.2.7.5}{\376\377\000R\000e\000c\000o\000n\000f\000i\000g\000u\000r\000e\000r\000\040\000l\000e\000s\000\040\000d\000r\000o\000i\000t\000s\000\040\000d\000'\000a\000c\000c\000\350\000s\000\040\000a\000u\000\040\000s\000e\000r\000v\000e\000u\000r\000\040\000w\000e\000b}{section.2.7}% 41
\BOOKMARK [2][-]{subsection.2.7.6}{\376\377\000S\000u\000p\000p\000r\000i\000m\000e\000r\000\040\000l\000e\000s\000\040\000d\000o\000s\000s\000i\000e\000r\000s\000\040\000i\000n\000u\000t\000i\000l\000e\000s}{section.2.7}% 42
\BOOKMARK [2][-]{subsection.2.7.7}{\376\377\000V\000\351\000r\000i\000f\000i\000e\000r\000\040\000l\000a\000\040\000c\000o\000n\000f\000i\000g\000u\000r\000a\000t\000i\000o\000n\000\040\000d\000u\000\040\000c\000h\000i\000f\000f\000r\000e\000m\000e\000n\000t}{section.2.7}% 43
\BOOKMARK [0][-]{chapter.3}{\376\377\000A\000d\000m\000i\000n\000i\000s\000t\000r\000e\000r\000\040\000l\000'\000a\000p\000p\000l\000i\000c\000a\000t\000i\000o\000n}{}% 44
\BOOKMARK [1][-]{section.3.1}{\376\377\000G\000\351\000r\000e\000r\000\040\000l\000e\000s\000\040\000d\000r\000o\000i\000t\000s}{chapter.3}% 45
\BOOKMARK [2][-]{subsection.3.1.1}{\376\377\000P\000r\000i\000n\000c\000i\000p\000e\000\040\000g\000\351\000n\000\351\000r\000a\000l}{section.3.1}% 46
\BOOKMARK [2][-]{subsection.3.1.2}{\376\377\000C\000r\000\351\000e\000r\000\040\000u\000n\000\040\000n\000o\000u\000v\000e\000l\000\040\000u\000t\000i\000l\000i\000s\000a\000t\000e\000u\000r}{section.3.1}% 47
\BOOKMARK [2][-]{subsection.3.1.3}{\376\377\000C\000r\000\351\000e\000r\000\040\000u\000n\000\040\000l\000o\000g\000i\000n\000\040\000u\000t\000i\000l\000i\000s\000\351\000\040\000d\000a\000n\000s\000\040\000l\000a\000\040\000g\000e\000s\000t\000i\000o\000n\000\040\000d\000e\000s\000\040\000d\000r\000o\000i\000t\000s}{section.3.1}% 48
\BOOKMARK [2][-]{subsection.3.1.4}{\376\377\000D\000\351\000f\000i\000n\000i\000r\000\040\000l\000e\000s\000\040\000g\000r\000o\000u\000p\000e\000s\000\040\000d\000'\000u\000t\000i\000l\000i\000s\000a\000t\000e\000u\000r}{section.3.1}% 49
\BOOKMARK [2][-]{subsection.3.1.5}{\376\377\000C\000r\000\351\000e\000r\000\040\000u\000n\000e\000\040\000a\000p\000p\000l\000i\000c\000a\000t\000i\000o\000n}{section.3.1}% 50
\BOOKMARK [2][-]{subsection.3.1.6}{\376\377\000D\000\351\000f\000i\000n\000i\000r\000\040\000l\000e\000s\000\040\000d\000r\000o\000i\000t\000s\000\040\000u\000t\000i\000l\000i\000s\000a\000b\000l\000e\000s\000\040\000d\000a\000n\000s\000\040\000l\000'\000a\000p\000p\000l\000i\000c\000a\000t\000i\000o\000n}{section.3.1}% 51
\BOOKMARK [2][-]{subsection.3.1.7}{\376\377\000C\000a\000s\000\040\000p\000a\000r\000t\000i\000c\000u\000l\000i\000e\000r\000\040\000d\000e\000s\000\040\000g\000r\000o\000u\000p\000e\000s\000\040\000e\000t\000\040\000d\000e\000s\000\040\000l\000o\000g\000i\000n\000s\000\040\000i\000s\000s\000u\000s\000\040\000d\000'\000u\000n\000\040\000a\000n\000n\000u\000a\000i\000r\000e\000\040\000L\000D\000A\000P\000\040\000o\000u\000\040\000d\000'\000u\000n\000\040\000s\000e\000r\000v\000e\000u\000r\000\040\000C\000A\000S}{section.3.1}% 52
\BOOKMARK [1][-]{section.3.2}{\376\377\000D\000r\000o\000i\000t\000s\000\040\000s\000p\000\351\000c\000i\000f\000i\000q\000u\000e\000s\000\040\000d\000e\000\040\000l\000'\000a\000p\000p\000l\000i\000c\000a\000t\000i\000o\000n\000\040\000C\000O\000L\000L\000E\000C\000-\000S\000C\000I\000E\000N\000C\000E}{chapter.3}% 53
\BOOKMARK [2][-]{subsection.3.2.1}{\376\377\000D\000r\000o\000i\000t\000s\000\040\000\340\000\040\000p\000o\000s\000i\000t\000i\000o\000n\000n\000e\000r}{section.3.2}% 54
\BOOKMARK [2][-]{subsection.3.2.2}{\376\377\000G\000e\000s\000t\000i\000o\000n\000\040\000d\000e\000s\000\040\000c\000o\000l\000l\000e\000c\000t\000i\000o\000n\000s}{section.3.2}% 55
\BOOKMARK [1][-]{section.3.3}{\376\377\000C\000o\000n\000f\000i\000g\000u\000r\000e\000r\000\040\000l\000e\000s\000\040\000p\000a\000r\000a\000m\000\350\000t\000r\000e\000s\000\040\000g\000\351\000n\000\351\000r\000a\000u\000x}{chapter.3}% 56
\BOOKMARK [1][-]{section.3.4}{\376\377\000C\000r\000\351\000e\000r\000\040\000o\000u\000\040\000m\000o\000d\000i\000f\000i\000e\000r\000\040\000u\000n\000\040\000m\000o\000d\000\350\000l\000e\000\040\000d\000'\000\351\000t\000i\000q\000u\000e\000t\000t\000e\000s}{chapter.3}% 57
\BOOKMARK [2][-]{subsection.3.4.1}{\376\377\000D\000\351\000f\000i\000n\000i\000r\000\040\000l\000e\000\040\000c\000o\000n\000t\000e\000n\000u\000\040\000d\000u\000\040\000Q\000R\000c\000o\000d\000e}{section.3.4}% 58
\BOOKMARK [2][-]{subsection.3.4.2}{\376\377\000C\000o\000n\000f\000i\000g\000u\000r\000a\000t\000i\000o\000n\000\040\000d\000u\000\040\000f\000i\000c\000h\000i\000e\000r\000\040\000X\000S\000L}{section.3.4}% 59
\BOOKMARK [1][-]{section.3.5}{\376\377\000G\000e\000s\000t\000i\000o\000n\000\040\000d\000e\000s\000\040\000t\000r\000a\000c\000e\000s}{chapter.3}% 60
\BOOKMARK [0][-]{chapter.4}{\376\377\000C\000o\000m\000m\000e\000n\000t\000\040\000f\000a\000i\000r\000e\000\040\000p\000o\000u\000r\000\040\000?}{}% 61
\BOOKMARK [1][-]{section.4.1}{\376\377\000G\000\351\000n\000\351\000r\000e\000r\000\040\000u\000n\000e\000\040\000l\000i\000s\000t\000e\000\040\000d\000'\000\351\000c\000h\000a\000n\000t\000i\000l\000l\000o\000n\000s\000\040\000v\000i\000d\000e\000s}{chapter.4}% 62
\BOOKMARK [2][-]{subsection.4.1.1}{\376\377\000S\000t\000r\000u\000c\000t\000u\000r\000e\000\040\000d\000u\000\040\000f\000i\000c\000h\000i\000e\000r\000\040\000C\000S\000V}{section.4.1}% 63
\BOOKMARK [2][-]{subsection.4.1.2}{\376\377\000P\000r\000o\000c\000\351\000d\000u\000r\000e\000\040\000d\000'\000i\000m\000p\000o\000r\000t}{section.4.1}% 64
\BOOKMARK [2][-]{subsection.4.1.3}{\376\377\000A\000u\000t\000r\000e\000\040\000u\000s\000a\000g\000e}{section.4.1}% 65
\BOOKMARK [2][-]{subsection.4.1.4}{\376\377\000E\000x\000e\000m\000p\000l\000e\000\040\000d\000e\000\040\000f\000i\000c\000h\000i\000e\000r}{section.4.1}% 66
\BOOKMARK [1][-]{section.4.2}{\376\377\000E\000x\000p\000o\000r\000t\000\040\000d\000e\000\040\000d\000o\000n\000n\000\351\000e\000s\000\040\000a\000u\000\040\000f\000o\000r\000m\000a\000t\000\040\000J\000S\000O\000N}{chapter.4}% 67
\BOOKMARK [2][-]{subsection.4.2.1}{\376\377\000D\000e\000s\000c\000r\000i\000p\000t\000i\000o\000n\000\040\000d\000e\000s\000\040\000m\000o\000d\000\350\000l\000e\000s\000\040\000d\000'\000e\000x\000p\000o\000r\000t}{section.4.2}% 68
\BOOKMARK [2][-]{subsection.4.2.2}{\376\377\000I\000m\000p\000o\000r\000t\000e\000r\000\040\000u\000n\000\040\000f\000i\000c\000h\000i\000e\000r\000\040\000J\000S\000O\000N}{section.4.2}% 69
\BOOKMARK [0][-]{appendix.A}{\376\377\000M\000e\000t\000t\000r\000e\000\040\000e\000n\000\040\000p\000l\000a\000c\000e\000\040\000u\000n\000e\000\040\000r\000\351\000p\000l\000i\000c\000a\000t\000i\000o\000n\000\040\000d\000e\000\040\000l\000a\000\040\000b\000a\000s\000e\000\040\000p\000o\000s\000t\000g\000r\000e\000s\000q\000l\000\040\000v\000e\000r\000s\000\040\000u\000n\000\040\000a\000u\000t\000r\000e\000\040\000s\000e\000r\000v\000e\000u\000r}{}% 70
\BOOKMARK [1][-]{section.A.1}{\376\377\000P\000r\000\351\000s\000e\000n\000t\000a\000t\000i\000o\000n}{appendix.A}% 71
\BOOKMARK [2][-]{subsection.A.1.1}{\376\377\000B\000e\000s\000o\000i\000n\000s\000\040\000e\000x\000p\000r\000i\000m\000\351\000s}{section.A.1}% 72
\BOOKMARK [2][-]{subsection.A.1.2}{\376\377\000P\000r\000i\000n\000c\000i\000p\000e}{section.A.1}% 73
\BOOKMARK [2][-]{subsection.A.1.3}{\376\377\000L\000i\000m\000i\000t\000a\000t\000i\000o\000n\000s\000\040\000e\000t\000\040\000p\000r\000\351\000c\000a\000u\000t\000i\000o\000n\000s}{section.A.1}% 74
\BOOKMARK [1][-]{section.A.2}{\376\377\000M\000i\000s\000e\000\040\000\340\000\040\000j\000o\000u\000r\000\040\000d\000u\000\040\000s\000e\000r\000v\000e\000u\000r\000\040\000\050\000v\000e\000r\000s\000i\000o\000n\000\040\0009\000.\0003\000\051\000\040\000e\000n\000\040\000v\000e\000r\000s\000i\000o\000n\000\040\0009\000.\0004\000\040\000d\000a\000n\000s\000\040\000c\000i\000t\000e\000r\000n\000e\000-\0008\000:}{appendix.A}% 75
\BOOKMARK [1][-]{section.A.3}{\376\377\000I\000n\000s\000t\000a\000l\000l\000a\000t\000i\000o\000n\000\040\000d\000e\000\040\000p\000o\000s\000t\000g\000r\000e\000S\000Q\000L\000\040\000s\000u\000r\000\040\000c\000h\000a\000p\000p\000i\000e\000\040\000e\000t\000\040\000m\000i\000s\000e\000\040\000e\000n\000\040\000p\000l\000a\000c\000e\000\040\000d\000e\000s\000\040\000c\000l\000\351\000s\000\040\000s\000s\000h}{appendix.A}% 76
\BOOKMARK [1][-]{section.A.4}{\376\377\000M\000i\000s\000e\000\040\000e\000n\000\040\000p\000l\000a\000c\000e\000\040\000d\000e\000\040\000l\000a\000\040\000r\000\351\000p\000l\000i\000c\000a\000t\000i\000o\000n}{appendix.A}% 77
\BOOKMARK [2][-]{subsection.A.4.1}{\376\377\000\040\000M\000a\000\356\000t\000r\000e}{section.A.4}% 78
\BOOKMARK [2][-]{subsection.A.4.2}{\376\377\000E\000s\000c\000l\000a\000v\000e}{section.A.4}% 79
\BOOKMARK [1][-]{section.A.5}{\376\377\000I\000n\000f\000o\000r\000m\000a\000t\000i\000o\000n\000s\000\040\000d\000e\000\040\000m\000o\000n\000i\000t\000o\000r\000i\000n\000g}{appendix.A}% 80
\BOOKMARK [1][-]{section.A.6}{\376\377\000P\000o\000u\000r\000\040\000t\000e\000s\000t\000e\000r\000\040\000l\000e\000\040\000f\000a\000i\000l\000o\000v\000e\000r\000\040\000o\000u\000\040\000g\000\351\000r\000e\000r\000\040\000u\000n\000\040\000i\000n\000t\000e\000r\000r\000u\000p\000t\000i\000o\000n}{appendix.A}% 81
\BOOKMARK [0][-]{appendix.B}{\376\377\000S\000t\000r\000u\000c\000t\000u\000r\000e\000\040\000d\000e\000\040\000l\000a\000\040\000b\000a\000s\000e\000\040\000d\000e\000\040\000d\000o\000n\000n\000\351\000e\000s}{}% 82
\BOOKMARK [1][-]{section.B.1}{\376\377\000D\000e\000s\000c\000r\000i\000p\000t\000i\000o\000n\000\040\000d\000e\000s\000\040\000t\000a\000b\000l\000e\000s}{appendix.B}% 83
\BOOKMARK [2][-]{subsection.B.1.1}{\376\377\000S\000c\000h\000e\000m\000a\000\040\000c\000o\000l}{section.B.1}% 84
\BOOKMARK [2][-]{subsection.B.1.2}{\376\377\000S\000c\000h\000e\000m\000a\000\040\000g\000a\000c\000l}{section.B.1}% 85
\BOOKMARK [0][-]{appendix*.2}{\376\377\000B\000i\000b\000l\000i\000o\000g\000r\000a\000p\000h\000i\000e}{}% 86
